{"/Users/erz/code/preceptorjs/grunt-kobold/lib/options.js":{"path":"/Users/erz/code/preceptorjs/grunt-kobold/lib/options.js","s":{"1":1,"2":1,"3":1,"4":1,"5":1,"6":1,"7":1,"8":0,"9":0,"10":1,"11":2,"12":1,"13":1,"14":0,"15":0,"16":1,"17":4,"18":4,"19":3,"20":3,"21":2,"22":2,"23":4,"24":1,"25":1,"26":4,"27":1,"28":1,"29":4,"30":1,"31":1,"32":4,"33":1,"34":1,"35":4,"36":1,"37":4,"38":1,"39":4,"40":4,"41":1,"42":1,"43":1,"44":1,"45":1,"46":1},"b":{"1":[1,1],"2":[4,3],"3":[3,1],"4":[2,1],"5":[1,3],"6":[1,3],"7":[1,3],"8":[1,3],"9":[1,3],"10":[1,3],"11":[4,3]},"f":{"1":1,"2":2,"3":4,"4":1,"5":1},"fnMap":{"1":{"name":"(anonymous_1)","line":11,"loc":{"start":{"line":11,"column":23},"end":{"line":11,"column":41}}},"2":{"name":"(anonymous_2)","line":29,"loc":{"start":{"line":29,"column":23},"end":{"line":29,"column":35}}},"3":{"name":"(anonymous_3)","line":49,"loc":{"start":{"line":49,"column":27},"end":{"line":49,"column":46}}},"4":{"name":"(anonymous_4)","line":104,"loc":{"start":{"line":104,"column":20},"end":{"line":104,"column":32}}},"5":{"name":"(anonymous_5)","line":114,"loc":{"start":{"line":114,"column":16},"end":{"line":114,"column":28}}}},"statementMap":{"1":{"start":{"line":1,"column":0},"end":{"line":1,"column":23}},"2":{"start":{"line":2,"column":0},"end":{"line":2,"column":23}},"3":{"start":{"line":3,"column":0},"end":{"line":3,"column":27}},"4":{"start":{"line":11,"column":0},"end":{"line":22,"column":2}},"5":{"start":{"line":14,"column":1},"end":{"line":14,"column":79}},"6":{"start":{"line":16,"column":1},"end":{"line":21,"column":2}},"7":{"start":{"line":17,"column":2},"end":{"line":17,"column":71}},"8":{"start":{"line":19,"column":2},"end":{"line":19,"column":27}},"9":{"start":{"line":20,"column":2},"end":{"line":20,"column":27}},"10":{"start":{"line":29,"column":0},"end":{"line":40,"column":2}},"11":{"start":{"line":31,"column":1},"end":{"line":39,"column":2}},"12":{"start":{"line":33,"column":2},"end":{"line":38,"column":3}},"13":{"start":{"line":34,"column":3},"end":{"line":34,"column":36}},"14":{"start":{"line":36,"column":3},"end":{"line":36,"column":28}},"15":{"start":{"line":37,"column":3},"end":{"line":37,"column":28}},"16":{"start":{"line":49,"column":0},"end":{"line":96,"column":2}},"17":{"start":{"line":52,"column":1},"end":{"line":52,"column":36}},"18":{"start":{"line":55,"column":1},"end":{"line":65,"column":2}},"19":{"start":{"line":58,"column":2},"end":{"line":58,"column":45}},"20":{"start":{"line":61,"column":2},"end":{"line":64,"column":3}},"21":{"start":{"line":62,"column":3},"end":{"line":62,"column":25}},"22":{"start":{"line":63,"column":3},"end":{"line":63,"column":32}},"23":{"start":{"line":68,"column":1},"end":{"line":71,"column":2}},"24":{"start":{"line":69,"column":2},"end":{"line":69,"column":33}},"25":{"start":{"line":70,"column":2},"end":{"line":70,"column":36}},"26":{"start":{"line":72,"column":1},"end":{"line":75,"column":2}},"27":{"start":{"line":73,"column":2},"end":{"line":73,"column":30}},"28":{"start":{"line":74,"column":2},"end":{"line":74,"column":33}},"29":{"start":{"line":76,"column":1},"end":{"line":79,"column":2}},"30":{"start":{"line":77,"column":2},"end":{"line":77,"column":34}},"31":{"start":{"line":78,"column":2},"end":{"line":78,"column":37}},"32":{"start":{"line":80,"column":1},"end":{"line":83,"column":2}},"33":{"start":{"line":81,"column":2},"end":{"line":81,"column":31}},"34":{"start":{"line":82,"column":2},"end":{"line":82,"column":34}},"35":{"start":{"line":85,"column":1},"end":{"line":87,"column":2}},"36":{"start":{"line":86,"column":2},"end":{"line":86,"column":30}},"37":{"start":{"line":88,"column":1},"end":{"line":90,"column":2}},"38":{"start":{"line":89,"column":2},"end":{"line":89,"column":32}},"39":{"start":{"line":93,"column":1},"end":{"line":93,"column":46}},"40":{"start":{"line":95,"column":1},"end":{"line":95,"column":13}},"41":{"start":{"line":104,"column":0},"end":{"line":106,"column":2}},"42":{"start":{"line":105,"column":1},"end":{"line":105,"column":92}},"43":{"start":{"line":114,"column":0},"end":{"line":116,"column":2}},"44":{"start":{"line":115,"column":1},"end":{"line":115,"column":20}},"45":{"start":{"line":123,"column":0},"end":{"line":163,"column":2}},"46":{"start":{"line":165,"column":0},"end":{"line":165,"column":27}}},"branchMap":{"1":{"line":31,"type":"if","locations":[{"start":{"line":31,"column":1},"end":{"line":31,"column":1}},{"start":{"line":31,"column":1},"end":{"line":31,"column":1}}]},"2":{"line":52,"type":"binary-expr","locations":[{"start":{"line":52,"column":12},"end":{"line":52,"column":29}},{"start":{"line":52,"column":33},"end":{"line":52,"column":35}}]},"3":{"line":55,"type":"if","locations":[{"start":{"line":55,"column":1},"end":{"line":55,"column":1}},{"start":{"line":55,"column":1},"end":{"line":55,"column":1}}]},"4":{"line":61,"type":"if","locations":[{"start":{"line":61,"column":2},"end":{"line":61,"column":2}},{"start":{"line":61,"column":2},"end":{"line":61,"column":2}}]},"5":{"line":68,"type":"if","locations":[{"start":{"line":68,"column":1},"end":{"line":68,"column":1}},{"start":{"line":68,"column":1},"end":{"line":68,"column":1}}]},"6":{"line":72,"type":"if","locations":[{"start":{"line":72,"column":1},"end":{"line":72,"column":1}},{"start":{"line":72,"column":1},"end":{"line":72,"column":1}}]},"7":{"line":76,"type":"if","locations":[{"start":{"line":76,"column":1},"end":{"line":76,"column":1}},{"start":{"line":76,"column":1},"end":{"line":76,"column":1}}]},"8":{"line":80,"type":"if","locations":[{"start":{"line":80,"column":1},"end":{"line":80,"column":1}},{"start":{"line":80,"column":1},"end":{"line":80,"column":1}}]},"9":{"line":85,"type":"if","locations":[{"start":{"line":85,"column":1},"end":{"line":85,"column":1}},{"start":{"line":85,"column":1},"end":{"line":85,"column":1}}]},"10":{"line":88,"type":"if","locations":[{"start":{"line":88,"column":1},"end":{"line":88,"column":1}},{"start":{"line":88,"column":1},"end":{"line":88,"column":1}}]},"11":{"line":93,"type":"binary-expr","locations":[{"start":{"line":93,"column":11},"end":{"line":93,"column":27}},{"start":{"line":93,"column":31},"end":{"line":93,"column":44}}]}}}}