TN:
SF:/Users/erz/code/preceptorjs/grunt-kobold/lib/options.js
FN:11,(anonymous_1)
FN:29,(anonymous_2)
FN:49,(anonymous_3)
FN:104,(anonymous_4)
FN:114,(anonymous_5)
FNF:5
FNH:5
FNDA:1,(anonymous_1)
FNDA:2,(anonymous_2)
FNDA:4,(anonymous_3)
FNDA:1,(anonymous_4)
FNDA:1,(anonymous_5)
DA:1,1
DA:2,1
DA:3,1
DA:11,1
DA:14,1
DA:16,1
DA:17,1
DA:19,0
DA:20,0
DA:29,1
DA:31,2
DA:33,1
DA:34,1
DA:36,0
DA:37,0
DA:49,1
DA:52,4
DA:55,4
DA:58,3
DA:61,3
DA:62,2
DA:63,2
DA:68,4
DA:69,1
DA:70,1
DA:72,4
DA:73,1
DA:74,1
DA:76,4
DA:77,1
DA:78,1
DA:80,4
DA:81,1
DA:82,1
DA:85,4
DA:86,1
DA:88,4
DA:89,1
DA:93,4
DA:95,4
DA:104,1
DA:105,1
DA:114,1
DA:115,1
DA:123,1
DA:165,1
LF:46
LH:42
BRDA:31,1,0,1
BRDA:31,1,1,1
BRDA:52,2,0,4
BRDA:52,2,1,3
BRDA:55,3,0,3
BRDA:55,3,1,1
BRDA:61,4,0,2
BRDA:61,4,1,1
BRDA:68,5,0,1
BRDA:68,5,1,3
BRDA:72,6,0,1
BRDA:72,6,1,3
BRDA:76,7,0,1
BRDA:76,7,1,3
BRDA:80,8,0,1
BRDA:80,8,1,3
BRDA:85,9,0,1
BRDA:85,9,1,3
BRDA:88,10,0,1
BRDA:88,10,1,3
BRDA:93,11,0,4
BRDA:93,11,1,3
BRF:22
BRH:22
end_of_record
